1695051807684	geckodriver	INFO	Listening on 127.0.0.1:17503
1695051810729	mozrunner::runner	INFO	Running command: "C:\\Users\\win10\\.cache\\selenium\\firefox\\win64\\117.0.1\\firefox.exe" "--marionette" "-headless" "--rem ... 6" "--remote-allow-hosts" "localhost" "-no-remote" "-profile" "C:\\Users\\win10\\AppData\\Local\\Temp\\rust_mozprofileXpjMiT"
*** You are running in headless mode.
console.warn: services.settings: Ignoring preference override of remote settings server
console.warn: services.settings: Allow by setting MOZ_REMOTE_SETTINGS_DEVTOOLS=1 in the environment
1695051811153	Marionette	INFO	Marionette enabled
Dynamically enable window occlusion 0
1695051811297	Marionette	INFO	Listening on port 17623
WebDriver BiDi listening on ws://127.0.0.1:17506
Read port: 17623
1695051811577	RemoteAgent	WARN	TLS certificate errors will be ignored for this session
[GFX1-]: RenderCompositorSWGL failed mapping default framebuffer, no dt
console.error: ({})
DevTools listening on ws://127.0.0.1:17506/devtools/browser/8e431f04-af8f-4e0f-ba5f-c0af3e07305c
JavaScript error: https://buff.163.com/goods/857578, line 2520: ReferenceError: SteamAssetRemark is not defined
JavaScript error: , line 0: NS_ERROR_NOT_AVAILABLE
1695052090436	geckodriver	INFO	Listening on 127.0.0.1:18160
1695052093502	mozrunner::runner	INFO	Running command: "C:\\Users\\win10\\.cache\\selenium\\firefox\\win64\\117.0.1\\firefox.exe" "--marionette" "-headless" "user- ... 4" "--remote-allow-hosts" "localhost" "-no-remote" "-profile" "C:\\Users\\win10\\AppData\\Local\\Temp\\rust_mozprofilei6oICI"
*** You are running in headless mode.
console.warn: services.settings: Ignoring preference override of remote settings server
console.warn: services.settings: Allow by setting MOZ_REMOTE_SETTINGS_DEVTOOLS=1 in the environment
1695052093842	Marionette	INFO	Marionette enabled
Dynamically enable window occlusion 0
1695052093959	Marionette	INFO	Listening on port 18210
WebDriver BiDi listening on ws://127.0.0.1:18161
Read port: 18211
1695052094154	RemoteAgent	WARN	TLS certificate errors will be ignored for this session
[GFX1-]: RenderCompositorSWGL failed mapping default framebuffer, no dt
console.error: ({})
DevTools listening on ws://127.0.0.1:18166/devtools/browser/bf73ee4d-d373-415b-bbba-01cd0a1db451
JavaScript error: , line 0: NS_ERROR_NOT_AVAILABLE
iver	INFO	Listening on 127.0.0.1:18780
1695052197471	mozrunner::runner	INFO	Running command: "C:\\Program Files\\Mozilla Firefox\\firefox.exe" "--marionette" "-headless" "user-agent=Mozilla/5.0 (Window ... 4" "--remote-allow-hosts" "localhost" "-no-remote" "-profile" "C:\\Users\\win10\\AppData\\Local\\Temp\\rust_mozprofileOGeLze"
*** You are running in headless mode.
console.warn: services.settings: Ignoring preference override of remote settings server
console.warn: services.settings: Allow by setting MOZ_REMOTE_SETTINGS_DEVTOOLS=1 in the environment
1695052197876	Marionette	INFO	Marionette enabled
Dynamically enable window occlusion 0
1695052197974	Marionette	INFO	Listening on port 18832
WebDriver BiDi listening on ws://127.0.0.1:18789
Read port: 18829
1695052198295	RemoteAgent	WARN	TLS certificate errors will be ignored for this session
[GFX1-]: RenderCompositorSWGL failed mapping default framebuffer, no dt
console.error: ({})
DevTools listening on ws://127.0.0.1:18789/devtools/browser/ff6e0f11-4828-4a1d-a28b-0eeb49c8433e
JavaScript error: , line 0: NS_ERROR_NOT_AVAILABLE
/main.js?735a3b4c, line 1: ReferenceError: $ is not defined
JavaScript error: https://buff.163.com/goods/781604, line 2490: ReferenceError: $ iJavaScript error: , line 0: NS_ERROR_NOT_AVAILABLE
m/goods/781604, line 2498: ReferenceError: $ is not defined
JavaScript error: , line 0: NS_ERROR_NOT_AVAILABLE
 line 2491: ReferenceError: SteamAssetRemark is not defined
JavaScript error: , line 0: NS_ERROR_NOT_AVAILABLE
1:20136
1695052798996	mozrunner::runner	INFO	Running command: "C:\\Program Files\\Mozilla Firefox\\firefox.exe" "--marionette" "--remote-debugging-port" "20141" "--remote-allow-hosts" "localhost" "-no-remote" "-profile" "C:\\Users\\win10\\AppData\\Local\\Temp\\rust_mozprofilemDcMCD"
console.warn: services.settings: Ignoring preference override of remote settings server
console.warn: services.settings: Allow by setting MOZ_REMOTE_SETTINGS_DEVTOOLS=1 in the environment
1695052799360	Marionette	INFO	Marionette enabled
Dynamically enable window occlusion 0
1695052800434	Marionette	INFO	Listening on port 20181
WebDriver BiDi listening on ws://127.0.0.1:20140
Read port: 20185
1695052800748	RemoteAgent	WARN	TLS certificate errors will be ignored for this session
DevTools listening on ws://127.0.0.1:20143/devtools/browser/9f381c95-5d61-480e-816f-8321e0bc0eb2
console.error: ({})
console.error: ({})
console.error: ({})
console.error: ({})
console.error: ({})
console.error: ({})
console.error: ({})
console.error: ({})
console.error: ({})
console.error: "Unable to find target with innerWindowId:6442450956"
1695052980485	geckodriver	INFO	Listening on 127.0.0.1:20835
1695052930442	mozrunner::runner	INFO	Running command: "C:\\Program Files\\Mozilla Firefox\\firefox.exe" "--marionette" "--remote-debugging-port" "20842" "--remote-allow-hosts" "localhost" "-no-remote" "-profile" "C:\\Users\\win10\\AppData\\Local\\Temp\\rust_mozprofilezIdIY5"
console.warn: services.settings: Ignoring preference override of remote settings server
console.warn: services.settings: Allow by setting MOZ_REMOTE_SETTINGS_DEVTOOLS=1 in the environment
1695052930738	Marionette	INFO	Marionette enabled
Dynamically enable window occlusion 0
1695052931334	Marionette	INFO	Listening on port 20870
WebDriver BiDi listening on ws://127.0.0.1:20844
Read port: 20870
1695052931648	RemoteAgent	WARN	TLS certificate errors will be ignored for this session
DevTools listening on ws://127.0.0.1:20840/devtools/browser/b5f6b0dc-51b3-4588-8abd-e7854206999b
console.error: ({})
console.error: ({})
console.error: ({})
console.error: ({})
console.error: ({})
1695052977592	Marione1695052977604	Marionette	INFO	Stopped listening on port 20872
Dynamically enable window occlusion 1
1695053025384	geckodriver	INFO	Listening on 127.0.0.1:21168
1695053028431	mozrunner::runner	INFO	Running command: "C:\\Program Files\\Mozilla Firefox\\firefox.exe" "--marionette" "--remote-debugging-port" "21169" "--remote-allow-hosts" "localhost" "-no-remote" "-profile" "C:\\Users\\win10\\AppData\\Local\\Temp\\rust_mozprofileDx1R6v"
console.warn: services.settings: Ignoring preference override of remote settings server
console.warn: services.settings: Allow by setting MOZ_REMOTE_SETTINGS_DEVTOOLS=1 in the environment
1695053028652	Marionette	INFO	Marionette enabled
Dynamically enable window occlusion 0
1695053028721	Marionette	INFO	Listening on port 21179
WebDriver BiDi listening on ws://127.0.0.1:21169
Read port: 21179
1695053028855	RemoteAgent	WARN	TLS certificate errors will be ignored for this session
DevTools listening on ws://127.0.0.1:21169/devtools/browser/2134850f-6c18-4ba1-92ff-d209ad930bd5
console.error: ({})
console.error: ({})
console.warn: "Failed to enumerate CacheStorage for host https://buff.163.com: SecurityError: The operation is insecure."
console.error: ({})
console.error: ({})
console.warn: "Failed to enumerate CacheStorage for host https://buff.163.com: SecurityError: The operation is insecure."
console.error: ({})
console.error: "Unable to find target with innerWindowId:6442450946"
JavaScript error: , line 0: NotFoundError: No such JSWindowActor 'DevToolsFrame'
console.error: ({})
JavaScript warning: https://buff.163.com/static/assets/lib.js?581d81fb, line 1: Script terminated by timeout at:
n/<@https://buff.163.com/static/assets/lib.js?581d81fb:1:435105
n@https://buff.163.com/static/assets/lib.js?581d81fb:1:435175
a.prototype.getTplTokens@https://buff.163.com/static/assets/lib.js?581d81fb:1:430252
a@https://buff.163.com/static/assets/lib.js?581d81fb:1:430088
n@https://buff.163.com/static/assets/lib.js?581d81fb:1:426361
template_render@https://buff.163.com/static/assets/main.js?735a3b4c:1:55603
i@https://buff.163.com/static/assets/main.js?735a3b4c:1:45165
@https://buff.163.com/goods/781592:2531:51
l@https://buff.163.com/static/assets/lib.js?581d81fb:1:40926
fireWith@https://buff.163.com/static/assets/lib.js?581d81fb:1:41689
ready@https://buff.163.com/static/assets/lib.js?581d81fb:1:43482
e@https://buff.163.com/static/assets/lib.js?581d81fb:1:1116

1695053083784	Marionette	INFO	Stopped listening on port 21179
Dynamically enable window occlusion 1
1695053188477	geckodriver	INFO	Listening on 127.0.0.1:21318
1695053191514	mozrunner::runner	INFO	Running command: "C:\\Program Files\\Mozilla Firefox\\firefox.exe" "--marionette" "--remote-debugging-port" "21319" "--remote-allow-hosts" "localhost" "-no-remote" "-profile" "C:\\Users\\win10\\AppData\\Local\\Temp\\rust_mozprofile7QccU0"
console.warn: services.settings: Ignoring preference override of remote settings server
console.warn: services.settings: Allow by setting MOZ_REMOTE_SETTINGS_DEVTOOLS=1 in the environment
1695053191722	Marionette	INFO	Marionette enabled
Dynamically enable window occlusion 0
1695053191793	Marionette	INFO	Listening on port 21328
WebDriver BiDi listening on ws://127.0.0.1:21319
Read port: 21328
1695053191932	RemoteAgent	WARN	TLS certificate errors will be ignored for this session
DevTools listening on ws://127.0.0.1:21319/devtools/browser/f25c2831-5208-4181-a157-ae41606463ab
1695053200035	Marionette	WARN	Ignoring event 'DOMContentLoaded' because document has an invalid readyState of 'complete'.
JavaScript warning: https://urswebzj.nosdn.127.net/webzj/fingerprint2.min-1.6.1.js, line 1: WEBGL_debug_renderer_info is deprecated in Firefox and will be removed. Please use RENDERER.
console.warn: services.settings: Ignoring preference override of remote settings server
console.warn: services.settings: Allow by setting MOZ_REMOTE_SETTINGS_DEVTOOLS=1 in the environment
console.error: (new TypeError("lazy.AsyncShutdown.profileBeforeChange is undefined", "resource://services-settings/Database.sys.mjs", 593))
1695053299467	Marionette	INFO	Stopped listening on port 21328
Dynamically enable window occlusion 1
JavaScript error: , line 0: NotFoundError: No such JSWindowActor 'DevToolsFrame'
1695053318304	geckodriver	INFO	Listening on 127.0.0.1:21451
1695053321341	mozrunner::runner	INFO	Running command: "C:\\Program Files\\Mozilla Firefox\\firefox.exe" "--marionette" "--remote-debugging-port" "21452" "--remote-allow-hosts" "localhost" "-no-remote" "-profile" "C:\\Users\\win10\\AppData\\Local\\Temp\\rust_mozprofileUCoqQx"
console.warn: services.settings: Ignoring preference override of remote settings server
console.warn: services.settings: Allow by setting MOZ_REMOTE_SETTINGS_DEVTOOLS=1 in the environment
1695053321550	Marionette	INFO	Marionette enabled
Dynamically enable window occlusion 0
1695053321618	Marionette	INFO	Listening on port 21461
WebDriver BiDi listening on ws://127.0.0.1:21452
Read port: 21461
1695053321761	RemoteAgent	WARN	TLS certificate errors will be ignored for this session
DevTools listening on ws://127.0.0.1:21452/devtools/browser/61a36e67-8690-4eb4-80aa-7be099954216
console.error: ({})
console.error: ({})
console.warn: "Failed to enumerate CacheStorage for host https://buff.163.com: SecurityError: The operation is insecure."
JavaScript error: resource://gre/modules/AsyncShutdown.sys.mjs, line 573: NotFoundError: No such JSWindowActor 'DevToolsFrame'
1695053344269	Marionette	INFO	Stopped listening on port 21461
Dynamically enable window occlusion 1
1695053389988	geckodriver	INFO	Listening on 127.0.0.1:21539
1695053393031	mozrunner::runner	INFO	Running command: "C:\\Program Files\\Mozilla Firefox\\firefox.exe" "--marionette" "--remote-debugging-port" "21540" "--remote-allow-hosts" "localhost" "-no-remote" "-profile" "C:\\Users\\win10\\AppData\\Local\\Temp\\rust_mozprofilerFC3yf"
console.warn: services.settings: Ignoring preference override of remote settings server
console.warn: services.settings: Allow by setting MOZ_REMOTE_SETTINGS_DEVTOOLS=1 in the environment
1695053393249	Marionette	INFO	Marionette enabled
Dynamically enable window occlusion 0
1695053393336	Marionette	INFO	Listening on port 21547
WebDriver BiDi listening on ws://127.0.0.1:21540
Read port: 21547
1695053393467	RemoteAgent	WARN	TLS certificate errors will be ignored for this session
DevTools listening on ws://127.0.0.1:21540/devtools/browser/f61cac84-2c94-44f8-9be6-723efc822ca7
console.error: ({})
console.error: ({})
console.error: ({})
1695053414801	Marionette	WARN	Ignoring event 'DOMContentLoaded' because document has an invalid readyState of 'complete'.
JavaScript warning: https://urswebzj.nosdn.127.net/webzj/fingerprint2.min-1.6.1.js, line 1: WEBGL_debug_renderer_info is deprecated in Firefox and will be removed. Please use RENDERER.
console.warn: "Failed to enumerate CacheStorage for host https://buff.163.com: SecurityError: The operation is insecure."
console.warn: "Failed to enumerate CacheStorage for host https://dl.reg.163.com: SecurityError: The operation is insecure."
SourceActor threw an exception: [Exception... "Failed to open input source 'javascript:void(0)'"  nsresult: "0x80040111 (NS_ERROR_NOT_AVAILABLE)"  location: "JS frame :: resource://devtools/shared/DevToolsUtils.js :: mainThreadFetch/< :: line 703"  data: yes]
Stack: mainThreadFetch/<@resource://devtools/shared/DevToolsUtils.js:703:15
mainThreadFetch@resource://devtools/shared/DevToolsUtils.js:556:10
_fetchURLContents@resource://devtools/server/actors/utils/sources-manager.js:452:22
urlContents@resource://devtools/server/actors/utils/sources-manager.js:416:17
_resurrectSource@resource://devtools/server/actors/thread.js:2167:33
addAllSources@resource://devtools/server/actors/thread.js:1492:14
watch@resource://devtools/server/actors/resources/sources.js:78:17
watchResources@resource://devtools/server/actors/resources/index.js:322:19
addSessionDataEntry@resource://devtools/server/actors/targets/session-data-processors/resources.js:11:21
addSessionDataEntry@resource://devtools/server/actors/targets/base-target-actor.js:41:23
_addSessionDataEntry@resource://devtools/server/connectors/js-window-actor/DevToolsFrameChild.sys.mjs:527:24
receiveMessage@resource://devtools/server/connectors/js-window-actor/DevToolsFrameChild.sys.mjs:436:21
Line: 703, column: 0
console.error: ({})
SourceActor threw an exception: [Exception... "Failed to open input source 'javascript:;'"  nsresult: "0x80040111 (NS_ERROR_NOT_AVAILABLE)"  location: "JS frame :: resource://devtools/shared/DevToolsUtils.js :: mainThreadFetch/< :: line 703"  data: yes]
Stack: mainThreadFetch/<@resource://devtools/shared/DevToolsUtils.js:703:15
mainThreadFetch@resource://devtools/shared/DevToolsUtils.js:556:10
_fetchURLContents@resource://devtools/server/actors/utils/sources-manager.js:452:22
urlContents@resource://devtools/server/actors/utils/sources-manager.js:416:17
_resurrectSource@resource://devtools/server/actors/thread.js:2167:33
addAllSources@resource://devtools/server/actors/thread.js:1492:14
watch@resource://devtools/server/actors/resources/sources.js:78:17
watchResources@resource://devtools/server/actors/resources/index.js:322:19
addSessionDataEntry@resource://devtools/server/actors/targets/session-data-processors/resources.js:11:21
addSessionDataEntry@resource://devtools/server/actors/targets/base-target-actor.js:41:23
_addSessionDataEntry@resource://devtools/server/connectors/js-window-actor/DevToolsFrameChild.sys.mjs:527:24
receiveMessage@resource://devtools/server/connectors/js-window-actor/DevToolsFrameChild.sys.mjs:436:21
Line: 703, column: 0
console.error: ({})
JavaScript error: resource://devtools/shared/DevToolsUtils.js, line 703: NS_ERROR_NOT_AVAILABLE: Failed to open input source 'javascript:void(0)'
JavaScript error: resource://devtools/shared/DevToolsUtils.js, line 703: NS_ERROR_NOT_AVAILABLE: Failed to open input source 'javascript:;'
console.error: ({})
console.warn: "Failed to enumerate CacheStorage for host https://buff.163.com: SecurityError: The operation is insecure."
console.error: ({})
JavaScript error: resource://gre/modules/AsyncShutdown.sys.mjs, line 573: NotFoundError: No such JSWindowActor 'DevToolsFrame'
JavaScript error: resource://gre/modules/AsyncShutdown.sys.mjs, line 573: NotFoundError: No such JSWindowActor 'DevToolsFrame'
JavaScript error: resource://gre/modules/AsyncShutdown.sys.mjs, line 573: NotFoundError: No such JSWindowActor 'DevToolsFrame'
1695053446453	Marionette	INFO	Stopped listening on port 21547
Dynamically enable window occlusion 1
1695053475605	geckodriver	INFO	Listening on 127.0.0.1:21675
1695053478671	mozrunner::runner	INFO	Running command: "C:\\Program Files\\Mozilla Firefox\\firefox.exe" "--marionette" "--remote-debugging-port" "21676" "--remote-allow-hosts" "localhost" "-no-remote" "-profile" "C:\\Users\\win10\\AppData\\Local\\Temp\\rust_mozprofile7coStd"
console.warn: services.settings: Ignoring preference override of remote settings server
console.warn: services.settings: Allow by setting MOZ_REMOTE_SETTINGS_DEVTOOLS=1 in the environment
1695053478901	Marionette	INFO	Marionette enabled
Dynamically enable window occlusion 0
1695053478968	Marionette	INFO	Listening on port 21684
WebDriver BiDi listening on ws://127.0.0.1:21676
Read port: 21684
1695053479099	RemoteAgent	WARN	TLS certificate errors will be ignored for this session
DevTools listening on ws://127.0.0.1:21676/devtools/browser/98d7ad06-0004-4d54-a681-9c1916eb4d4f
console.error: ({})
console.error: ({})
console.warn: "Failed to enumerate CacheStorage for host https://buff.163.com: SecurityError: The operation is insecure."
JavaScript error: resource://gre/modules/AsyncShutdown.sys.mjs, line 573: NotFoundError: No such JSWindowActor 'DevToolsFrame'
1695053498451	Marionette	INFO	Stopped listening on port 21684
Dynamically enable window occlusion 1
1695053578384	geckodriver	INFO	Listening on 127.0.0.1:21784
1695053581415	mozrunner::runner	INFO	Running command: "C:\\Program Files\\Mozilla Firefox\\firefox.exe" "--marionette" "--remote-debugging-port" "21785" "--remote-allow-hosts" "localhost" "-no-remote" "-profile" "C:\\Users\\win10\\AppData\\Local\\Temp\\rust_mozprofileydXcb9"
console.warn: services.settings: Ignoring preference override of remote settings server
console.warn: services.settings: Allow by setting MOZ_REMOTE_SETTINGS_DEVTOOLS=1 in the environment
1695053581621	Marionette	INFO	Marionette enabled
Dynamically enable window occlusion 0
1695053581687	Marionette	INFO	Listening on port 21793
WebDriver BiDi listening on ws://127.0.0.1:21785
Read port: 21793
1695053581831	RemoteAgent	WARN	TLS certificate errors will be ignored for this session
DevTools listening on ws://127.0.0.1:21785/devtools/browser/c5060a4a-a985-45e2-a7c3-b74eb817e86a
1695053599618	Marionette	INFO	Stopped listening on port 21793
Dynamically enable window occlusion 1
1695053637712	geckodriver	INFO	Listening on 127.0.0.1:21890
1695053640769	mozrunner::runner	INFO	Running command: "C:\\Program Files\\Mozilla Firefox\\firefox.exe" "--marionette" "--remote-debugging-port" "21891" "--remote-allow-hosts" "localhost" "-no-remote" "-profile" "C:\\Users\\win10\\AppData\\Local\\Temp\\rust_mozprofileCvfmaf"
console.warn: services.settings: Ignoring preference override of remote settings server
console.warn: services.settings: Allow by setting MOZ_REMOTE_SETTINGS_DEVTOOLS=1 in the environment
1695053640977	Marionette	INFO	Marionette enabled
Dynamically enable window occlusion 0
1695053641049	Marionette	INFO	Listening on port 21899
WebDriver BiDi listening on ws://127.0.0.1:21891
Read port: 21899
1695053641188	RemoteAgent	WARN	TLS certificate errors will be ignored for this session
DevTools listening on ws://127.0.0.1:21891/devtools/browser/8394f1c7-f6cb-4267-8b73-6f283d9de2c4
console.error: ({})
console.error: ({})
1695053661954	Marionette	INFO	Stopped listening on port 21899
Dynamically enable window occlusion 1
1695053674620	geckodriver	INFO	Listening on 127.0.0.1:21962
1695053677649	mozrunner::runner	INFO	Running command: "C:\\Program Files\\Mozilla Firefox\\firefox.exe" "--marionette" "--remote-debugging-port" "21963" "--remote-allow-hosts" "localhost" "-no-remote" "-profile" "C:\\Users\\win10\\AppData\\Local\\Temp\\rust_mozprofiles8Nbco"
console.warn: services.settings: Ignoring preference override of remote settings server
console.warn: services.settings: Allow by setting MOZ_REMOTE_SETTINGS_DEVTOOLS=1 in the environment
1695053677865	Marionette	INFO	Marionette enabled
Dynamically enable window occlusion 0
1695053677930	Marionette	INFO	Listening on port 21972
WebDriver BiDi listening on ws://127.0.0.1:21963
Read port: 21972
1695053678067	RemoteAgent	WARN	TLS certificate errors will be ignored for this session
DevTools listening on ws://127.0.0.1:21963/devtools/browser/6164555e-18f7-4874-baf6-e09b3267f0ce
1695053694461	Marionette	INFO	Stopped listening on port 21972
Dynamically enable window occlusion 1
1695053739798	geckodriver	INFO	Listening on 127.0.0.1:22049
1695053742860	mozrunner::runner	INFO	Running command: "C:\\Program Files\\Mozilla Firefox\\firefox.exe" "--marionette" "--remote-debugging-port" "22050" "--remote-allow-hosts" "localhost" "-no-remote" "-profile" "C:\\Users\\win10\\AppData\\Local\\Temp\\rust_mozprofile1fVklU"
console.warn: services.settings: Ignoring preference override of remote settings server
console.warn: services.settings: Allow by setting MOZ_REMOTE_SETTINGS_DEVTOOLS=1 in the environment
1695053743077	Marionette	INFO	Marionette enabled
Dynamically enable window occlusion 0
1695053743149	Marionette	INFO	Listening on port 22059
WebDriver BiDi listening on ws://127.0.0.1:22050
Read port: 22059
1695053743292	RemoteAgent	WARN	TLS certificate errors will be ignored for this session
DevTools listening on ws://127.0.0.1:22050/devtools/browser/ba0ba95e-1e28-46fc-8de4-b3cd417fd17d
console.error: ({})
console.error: ({})
console.error: ({})
n 127.0.0.1:22107
1695053753865	mozrunner::runner	INFO	Running command: "C:\\Program Files\\Mozilla Firefox\\firefox.exe" "--marionette" "--remote-debugging-port" "22108" "--remote-allow-hosts" "localhost" "-no-remote" "-profile" "C:\\Users\\win10\\AppData\\Local\\Temp\\rust_mozprofileUW1hiU"
console.warn: services.settings: Ignoring preference override of remote settings server
console.warn: services.settings: Allow by setting MOZ_REMOTE_SETTINGS_DEVTOOLS=1 in the environment
1695053754083	Marionette	INFO	Marionette enabled
Dynamically enable window occlusion 0
1695053754152	Marionette	INFO	Listening on port 22123
WebDriver BiDi listening on ws://127.0.0.1:22108
Read port: 22123
1695053754288	RemoteAgent	WARN	TLS certificate errors will be ignored for this session
DevTools listening on ws://127.0.0.1:22108/devtools/browser/88857690-9489-4e36-b30b-182415b5f844
console.error: ({})
console.error: ({})
1695053776755	Marionette	INFO	Stopped listening on port 22123
Dynamically enable window occlusion 1
1695053796773	geckodriver	INFO	Listening on 127.0.0.1:22189
1695053799805	mozrunner::runner	INFO	Running command: "C:\\Program Files\\Mozilla Firefox\\firefox.exe" "--marionette" "--remote-debugging-port" "22190" "--remote-allow-hosts" "localhost" "-no-remote" "-profile" "C:\\Users\\win10\\AppData\\Local\\Temp\\rust_mozprofileJpjVC8"
console.warn: services.settings: Ignoring preference override of remote settings server
console.warn: services.settings: Allow by setting MOZ_REMOTE_SETTINGS_DEVTOOLS=1 in the environment
1695053800021	Marionette	INFO	Marionette enabled
Dynamically enable window occlusion 0
1695053800092	Marionette	INFO	Listening on port 22198
WebDriver BiDi listening on ws://127.0.0.1:22190
Read port: 22198
1695053800237	RemoteAgent	WARN	TLS certificate errors will be ignored for this session
DevTools listening on ws://127.0.0.1:22190/devtools/browser/f99c4feb-5918-4c6d-b865-6623095255d1
1695053815403	Marionette	INFO	Stopped listening on port 22198
Dynamically enable window occlusion 1
1695053825234	geckodriver	INFO	Listening on 127.0.0.1:22299
1695053828248	mozrunner::runner	INFO	Running command: "C:\\Program Files\\Mozilla Firefox\\firefox.exe" "--marionette" "--remote-debugging-port" "22300" "--remote-allow-hosts" "localhost" "-no-remote" "-profile" "C:\\Users\\win10\\AppData\\Local\\Temp\\rust_mozprofileDXWSBc"
console.warn: services.settings: Ignoring preference override of remote settings server
console.warn: services.settings: Allow by setting MOZ_REMOTE_SETTINGS_DEVTOOLS=1 in the environment
1695053828473	Marionette	INFO	Marionette enabled
Dynamically enable window occlusion 0
1695053828548	Marionette	INFO	Listening on port 22308
WebDriver BiDi listening on ws://127.0.0.1:22300
Read port: 22308
1695053828698	RemoteAgent	WARN	TLS certificate errors will be ignored for this session
DevTools listening on ws://127.0.0.1:22300/devtools/browser/7532fb77-18f3-46fb-9e54-e361e6fadd00
console.error: ({})
console.error: ({})
1695053840525	Marionette	INFO	Stopped listening on port 22308
Dynamically enable window occlusion 1
1695053852709	geckodriver	INFO	Listening on 127.0.0.1:22369
1695053855762	mozrunner::runner	INFO	Running command: "C:\\Program Files\\Mozilla Firefox\\firefox.exe" "--marionette" "--remote-debugging-port" "22370" "--remote-allow-hosts" "localhost" "-no-remote" "-profile" "C:\\Users\\win10\\AppData\\Local\\Temp\\rust_mozprofileDIRFRj"
console.warn: services.settings: Ignoring preference override of remote settings server
console.warn: services.settings: Allow by setting MOZ_REMOTE_SETTINGS_DEVTOOLS=1 in the environment
1695053855995	Marionette	INFO	Marionette enabled
Dynamically enable window occlusion 0
1695053856060	Marionette	INFO	Listening on port 22379
WebDriver BiDi listening on ws://127.0.0.1:22370
Read port: 22379
1695053856222	RemoteAgent	WARN	TLS certificate errors will be ignored for this session
DevTools listening on ws://127.0.0.1:22370/devtools/browser/92184ff2-92c7-44f4-94aa-5b164d03d57d
console.error: ({})
console.error: ({})
1695053868588	Marionette	INFO	Stopped listening on port 22379
Dynamically enable window occlusion 1
1695053875289	geckodriver	INFO	Listening on 127.0.0.1:22443
1695053878333	mozrunner::runner	INFO	Running command: "C:\\Program Files\\Mozilla Firefox\\firefox.exe" "--marionette" "--remote-debugging-port" "22444" "--remote-allow-hosts" "localhost" "-no-remote" "-profile" "C:\\Users\\win10\\AppData\\Local\\Temp\\rust_mozprofileRsFef3"
console.warn: services.settings: Ignoring preference override of remote settings server
console.warn: services.settings: Allow by setting MOZ_REMOTE_SETTINGS_DEVTOOLS=1 in the environment
1695053878569	Marionette	INFO	Marionette enabled
Dynamically enable window occlusion 0
1695053878639	Marionette	INFO	Listening on port 22456
WebDriver BiDi listening on ws://127.0.0.1:22444
Read port: 22456
1695053878787	RemoteAgent	WARN	TLS certificate errors will be ignored for this session
DevTools listening on ws://127.0.0.1:22444/devtools/browser/888e1fb9-5db8-4d5d-861b-410e83bd2b37
console.error: ({})
console.error: ({})
1695053891388	Marionette	INFO	Stopped listening on port 22456
Dynamically enable window occlusion 1
1695053898412	geckodriver	INFO	Listening on 127.0.0.1:22518
1695053901436	mozrunner::runner	INFO	Running command: "C:\\Program Files\\Mozilla Firefox\\firefox.exe" "--marionette" "--remote-debugging-port" "22519" "--remote-allow-hosts" "localhost" "-no-remote" "-profile" "C:\\Users\\win10\\AppData\\Local\\Temp\\rust_mozprofileg3ETwQ"
console.warn: services.settings: Ignoring preference override of remote settings server
console.warn: services.settings: Allow by setting MOZ_REMOTE_SETTINGS_DEVTOOLS=1 in the environment
1695053901649	Marionette	INFO	Marionette enabled
Dynamically enable window occlusion 0
1695053901722	Marionette	INFO	Listening on port 22526
WebDriver BiDi listening on ws://127.0.0.1:22519
Read port: 22526
1695053901875	RemoteAgent	WARN	TLS certificate errors will be ignored for this session
DevTools listening on ws://127.0.0.1:22519/devtools/browser/7acdb33b-7ee4-4611-9e6d-120b85ba23c9
console.error: ({})
console.error: ({})
1695053913179	Marionette	INFO	Stopped listening on port 22526
Dynamically enable window occlusion 1
1695053921979	geckodriver	INFO	Listening on 127.0.0.1:22586
1695053925011	mozrunner::runner	INFO	Running command: "C:\\Program Files\\Mozilla Firefox\\firefox.exe" "--marionette" "--remote-debugging-port" "22587" "--remote-allow-hosts" "localhost" "-no-remote" "-profile" "C:\\Users\\win10\\AppData\\Local\\Temp\\rust_mozprofile3cZdfy"
console.warn: services.settings: Ignoring preference override of remote settings server
console.warn: services.settings: Allow by setting MOZ_REMOTE_SETTINGS_DEVTOOLS=1 in the environment
1695053925234	Marionette	INFO	Marionette enabled
Dynamically enable window occlusion 0
1695053925301	Marionette	INFO	Listening on port 22595
WebDriver BiDi listening on ws://127.0.0.1:22587
Read port: 22595
1695053925439	RemoteAgent	WARN	TLS certificate errors will be ignored for this session
DevTools listening on ws://127.0.0.1:22587/devtools/browser/fa27ee31-dc5b-4461-b11b-19c2d4fde22f
console.error: ({})
console.error: ({})
1695053941986	Marionette	INFO	Stopped listening on port 22595
Dynamically enable window occlusion 1
1695053969893	geckodriver	INFO	Listening on 127.0.0.1:22673
1695053972927	mozrunner::runner	INFO	Running command: "C:\\Program Files\\Mozilla Firefox\\firefox.exe" "--marionette" "--remote-debugging-port" "22674" "--remote-allow-hosts" "localhost" "-no-remote" "-profile" "C:\\Users\\win10\\AppData\\Local\\Temp\\rust_mozprofile3aKEqi"
console.warn: services.settings: Ignoring preference override of remote settings server
console.warn: services.settings: Allow by setting MOZ_REMOTE_SETTINGS_DEVTOOLS=1 in the environment
1695053973132	Marionette	INFO	Marionette enabled
Dynamically enable window occlusion 0
1695053973201	Marionette	INFO	Listening on port 22681
WebDriver BiDi listening on ws://127.0.0.1:22674
Read port: 22681
1695053973351	RemoteAgent	WARN	TLS certificate errors will be ignored for this session
DevTools listening on ws://127.0.0.1:22674/devtools/browser/c1b98309-97d4-4f8b-88f3-22ae6ca3b7e4
console.error: ({})
console.error: ({})
1695054009230	Marionette	INFO	Stopped listening on port 22681
Dynamically enable window occlusion 1
1695054016875	geckodriver	INFO	Listening on 127.0.0.1:22758
1695054019931	mozrunner::runner	INFO	Running command: "C:\\Program Files\\Mozilla Firefox\\firefox.exe" "--marionette" "--remote-debugging-port" "22759" "--remote-allow-hosts" "localhost" "-no-remote" "-profile" "C:\\Users\\win10\\AppData\\Local\\Temp\\rust_mozprofileTZTvRt"
console.warn: services.settings: Ignoring preference override of remote settings server
console.warn: services.settings: Allow by setting MOZ_REMOTE_SETTINGS_DEVTOOLS=1 in the environment
1695054020148	Marionette	INFO	Marionette enabled
Dynamically enable window occlusion 0
1695054020233	Marionette	INFO	Listening on port 22769
WebDriver BiDi listening on ws://127.0.0.1:22759
Read port: 22769
1695054020377	RemoteAgent	WARN	TLS certificate errors will be ignored for this session
DevTools listening on ws://127.0.0.1:22759/devtools/browser/023845fc-e8f9-416b-bf15-7dbdf638b6c0
console.error: ({})
console.error: ({})
console.error: ({})
console.error: ({})
console.error: ({})
1695054049994	Marionette	INFO	Stopped listening on port 22769
Dynamically enable window occlusion 1
1695054070825	geckodriver	INFO	Listening on 127.0.0.1:22852
1695054073857	mozrunner::runner	INFO	Running command: "C:\\Program Files\\Mozilla Firefox\\firefox.exe" "--marionette" "--remote-debugging-port" "22850" "--remote-allow-hosts" "localhost" "-no-remote" "-profile" "C:\\Users\\win10\\AppData\\Local\\Temp\\rust_mozprofileJkMzDa"
console.warn: services.settings: Ignoring preference override of remote settings server
console.warn: services.settings: Allow by setting MOZ_REMOTE_SETTINGS_DEVTOOLS=1 in the environment
1695054074187	Marionette	INFO	Marionette enabled
Dynamically enable window occlusion 0
1695054074982	Marionette	INFO	Listening on port 22902
WebDriver BiDi listening on ws://127.0.0.1:22853
Read port: 22902
1695054075386	RemoteAgent	WARN	TLS certificate errors will be ignored for this session
DevTools listening on ws://127.0.0.1:22853/devtools/browser/8121ca82-8ef4-4bda-b194-4e3d60bd0f2d
console.error: ({})
console.error: ({})
1695054084960	Marionette	INFO	Stopped listening on port 22901
Dynamically enable window occlusion 1
1695054109845	geckodriver	INFO	Listening on 127.0.0.1:23160
1695054112863	mozrunner::runner	INFO	Running command: "C:\\Program Files\\Mozilla Firefox\\firefox.exe" "--marionette" "-headless" "--remote-debugging-port" "23161" "--remote-allow-hosts" "localhost" "-no-remote" "-profile" "C:\\Users\\win10\\AppData\\Local\\Temp\\rust_mozprofileXQgLNM"
*** You are running in headless mode.
console.warn: services.settings: Ignoring preference override of remote settings server
console.warn: services.settings: Allow by setting MOZ_REMOTE_SETTINGS_DEVTOOLS=1 in the environment
1695054113068	Marionette	INFO	Marionette enabled
Dynamically enable window occlusion 0
1695054113117	Marionette	INFO	Listening on port 23168
WebDriver BiDi listening on ws://127.0.0.1:23161
Read port: 23168
1695054113253	RemoteAgent	WARN	TLS certificate errors will be ignored for this session
[GFX1-]: RenderCompositorSWGL failed mapping default framebuffer, no dt
console.error: ({})
DevTools listening on ws://127.0.0.1:23161/devtools/browser/5a73af1a-42ad-4bf4-a3ee-6bc84aaf9253
console.error: ({})
console.error: ({})
console.error: ({})
console.error: ({})
console.error: ({})
console.error: ({})
console.error: ({})
console.error: ({})
console.error: ({})
console.error: ({})
console.error: ({})
console.error: ({})
1695054220089	geckodriver	INFO	Listening on 127.0.0.1:23367
1695054223108	mozrunner::runner	INFO	Running command: "C:\\Program Files\\Mozilla Firefox\\firefox.exe" "--marionette" "-headless" "--remote-debugging-port" "23368" "--remote-allow-hosts" "localhost" "-no-remote" "-profile" "C:\\Users\\win10\\AppData\\Local\\Temp\\rust_mozprofileNSJCer"
*** You are running in headless mode.
console.warn: services.settings: Ignoring preference override of remote settings server
console.warn: services.settings: Allow by setting MOZ_REMOTE_SETTINGS_DEVTOOLS=1 in the environment
1695054223323	Marionette	INFO	Marionette enabled
Dynamically enable window occlusion 0
1695054223368	Marionette	INFO	Listening on port 23375
WebDriver BiDi listening on ws://127.0.0.1:23368
Read port: 23375
1695054223505	RemoteAgent	WARN	TLS certificate errors will be ignored for this session
[GFX1-]: RenderCompositorSWGL failed mapping default framebuffer, no dt
console.error: ({})
DevTools listening on ws://127.0.0.1:23368/devtools/browser/eea4bea4-3a6e-44f1-9dd5-c921bb68a0fc
console.error: ({})
1695054271480	geckodriver	INFO	Listening on 127.0.0.1:23452
1695054274536	mozrunner::runner	INFO	Running command: "C:\\Program Files\\Mozilla Firefox\\firefox.exe" "--marionette" "--headless" "--remote-debugging-port" "234 ... 3" "--remote-allow-hosts" "localhost" "-no-remote" "-profile" "C:\\Users\\win10\\AppData\\Local\\Temp\\rust_mozprofilegTdWW6"
*** You are running in headless mode.
console.warn: services.settings: Ignoring preference override of remote settings server
console.warn: services.settings: Allow by setting MOZ_REMOTE_SETTINGS_DEVTOOLS=1 in the environment
1695054274742	Marionette	INFO	Marionette enabled
Dynamically enable window occlusion 0
1695054274787	Marionette	INFO	Listening on port 23461
WebDriver BiDi listening on ws://127.0.0.1:23453
Read port: 23461
1695054274919	RemoteAgent	WARN	TLS certificate errors will be ignored for this session
[GFX1-]: RenderCompositorSWGL failed mapping default framebuffer, no dt
console.error: ({})
DevTools listening on ws://127.0.0.1:23453/devtools/browser/11c93a10-f448-4f12-abd4-d19bc5cae796
console.error: ({})
console.error: ({})
console.error: ({})
console.error: ({})
console.error: ({})
console.error: ({})
console.error: ({})
console.error: ({})
1695054352019	geckodriver	INFO	Listening on 127.0.0.1:23599
1695054355059	mozrunner::runner	INFO	Running command: "C:\\Program Files\\Mozilla Firefox\\firefox.exe" "--marionette" "--headless" "--remote-debugging-port" "236 ... 8" "--remote-allow-hosts" "localhost" "-no-remote" "-profile" "C:\\Users\\win10\\AppData\\Local\\Temp\\rust_mozprofilee1jK2y"
*** You are running in headless mode.
console.warn: services.settings: Ignoring preference override of remote settings server
console.warn: services.settings: Allow by setting MOZ_REMOTE_SETTINGS_DEVTOOLS=1 in the environment
1695054355419	Marionette	INFO	Marionette enabled
Dynamically enable window occlusion 0
1695054355508	Marionette	INFO	Listening on port 23654
WebDriver BiDi listening on ws://127.0.0.1:23607
Read port: 23654
1695054355699	RemoteAgent	WARN	TLS certificate errors will be ignored for this session
[GFX1-]: RenderCompositorSWGL failed mapping default framebuffer, no dt
console.error: ({})
DevTools listening on ws://127.0.0.1:23609/devtools/browser/d25c39f3-cdde-46aa-9d1d-75a046c7d651
console.error: ({})
console.error: ({})
console.error: ({})
console.error: ({})
console.error: ({})
console.error: ({})
console.error: ({})
console.error: ({})
console.error: ({})
console.error: ({})
console.error: ({})
console.error: ({})
console.error: ({})
console.error: ({})
JavaScript error: , line 0: NS_ERROR_NOT_AVAILABLE
ror: ({})
JavaScript error: , line 0: NS_ERROR_NOT_AJavaScript error: , line 0: NS_ERROR_NOT_AVAILABLE
1:24652
1695054547259	mozrunner::runner	INFO	Running command: "C:\\Program Files\\Mozilla Firefox\\firefox.exe" "--marionette" "--headless" "--remote-debugging-port" "246 ... 8" "--remote-allow-hosts" "localhost" "-no-remote" "-profile" "C:\\Users\\win10\\AppData\\Local\\Temp\\rust_mozprofileZZ1qSZ"
*** You are running in headless mode.
console.warn: services.settings: Ignoring preference override of remote settings server
console.warn: services.settings: Allow by setting MOZ_REMOTE_SETTINGS_DEVTOOLS=1 in the environment
1695054547595	Marionette	INFO	Marionette enabled
Dynamically enable window occlusion 0
1695054547681	Marionette	INFO	Listening on port 24700
WebDriver BiDi listening on ws://127.0.0.1:24654
Read port: 24696
1695054547853	RemoteAgent	WARN	TLS certificate errors will be ignored for this session
[GFX1-]: RenderCompositorSWGL failed mapping default framebuffer, no dt
console.error: ({})
DevTools listening on ws://127.0.0.1:24656/devtools/browser/43a290d4-c5ab-42ef-839a-bc6c751cc933
console.error: ({})
console.error: ({})
console.error: ({})
console.error: ({})
JavaScript error: , lJavaScript error: , line 0: NS_ERROR_NOT_AVAILABLE
1:25027
1695054596291	mozrunner::runner	INFO	Running command: "C:\\Program Files\\Mozilla Firefox\\firefox.exe" "--marionette" "--headless" "--remote-debugging-port" "250 ... 2" "--remote-allow-hosts" "localhost" "-no-remote" "-profile" "C:\\Users\\win10\\AppData\\Local\\Temp\\rust_mozprofilekc9UzN"
*** You are running in headless mode.
console.warn: services.settings: Ignoring preference override of remote settings server
console.warn: services.settings: Allow by setting MOZ_REMOTE_SETTINGS_DEVTOOLS=1 in the environment
1695054596644	Marionette	INFO	Marionette enabled
Dynamically enable window occlusion 0
1695054596730	Marionette	INFO	Listening on port 25081
WebDriver BiDi listening on ws://127.0.0.1:25032
Read port: 25081
1695054596922	RemoteAgent	WARN	TLS certificate errors will be ignored for this session
[GFX1-]: RenderCompositorSWGL failed mapping default framebuffer, no dt
console.error: ({})
DevTools listening on ws://127.0.0.1:25037/devtools/browser/d4806ced-29de-4963-bca0-25a19a824e6e
console.error: ({})
console.error: ({})
console.error: ({})
console.error: ({})
console.error: ({})
console.error: ({})
console.error: ({})
console.error: ({})
console.error: ({})
console.error: ({})
console.error: ({})
console.error: ({})
console.error: ({})
console.error: ({})
console.error: ({})
console.error: ({})
console.error: ({})
console.error: ({})
console.error: ({})
console.error: ({})
console.error: ({})
console.error: ({})
console.error: ({})
console.error: ({})
console.error: ({})
console.error: ({})
console.error: ({})
console.error: ({})
console.error: ({})
console.error: ({})
console.error: ({})
console.error: ({})
console.error: ({})
console.error: ({})
JavaScript error: , line 0: NS_ERROR_NOT_AVAILABLE
 error: , line 0: NS_ERROR_NOT_AVAILABLE
1:26919
1695054976035	mozrunner::runner	INFO	Running command: "C:\\Program Files\\Mozilla Firefox\\firefox.exe" "--marionette" "--headless" "--remote-debugging-port" "269 ... 3" "--remote-allow-hosts" "localhost" "-no-remote" "-profile" "C:\\Users\\win10\\AppData\\Local\\Temp\\rust_mozprofileIiQmDl"
*** You are running in headless mode.
console.warn: services.settings: Ignoring preference override of remote settings server
console.warn: services.settings: Allow by setting MOZ_REMOTE_SETTINGS_DEVTOOLS=1 in the environment
1695054976336	Marionette	INFO	Marionette enabled
Dynamically enable window occlusion 0
1695054976391	Marionette	INFO	Listening on port 26955
WebDriver BiDi listening on ws://127.0.0.1:26924
Read port: 26954
1695054976573	RemoteAgent	WARN	TLS certificate errors will be ignored for this session
[GFX1-]: RenderCompositorSWGL failed mapping default framebuffer, no dt
console.error: ({})
DevTools listening on ws://127.0.0.1:26923/devtools/browser/b6c6eee6-f1f0-4364-b7f8-7689169b18da
console.error: ({})
console.error: ({})
JavaScript error: , line 0: NS_ERROR_NOT_AVAILABLE
1:27198
1695055023620	mozrunner::runner	INFO	Running command: "C:\\Program Files\\Mozilla Firefox\\firefox.exe" "--marionette" "--headless" "--remote-debugging-port" "272 ... 3" "--remote-allow-hosts" "localhost" "-no-remote" "-profile" "C:\\Users\\win10\\AppData\\Local\\Temp\\rust_mozprofilelbYr9C"
*** You are running in headless mode.
console.warn: services.settings: Ignoring preference override of remote settings server
console.warn: services.settings: Allow by setting MOZ_REMOTE_SETTINGS_DEVTOOLS=1 in the environment
1695055023982	Marionette	INFO	Marionette enabled
Dynamically enable window occlusion 0
1695055024079	Marionette	INFO	Listening on port 27248
WebDriver BiDi listening on ws://127.0.0.1:27207
Read port: 27249
1695055024276	RemoteAgent	WARN	TLS certificate errors will be ignored for this session
[GFX1-]: RenderCompositorSWGL failed mapping default framebuffer, no dt
console.error: ({})
DevTools listening on ws://127.0.0.1:27206/devtools/browser/b9f50a79-afb0-49d8-9718-0d954cff4692
console.error: ({})
console.error: ({})
console.error: ({})
console.error: ({})
console.error: ({})
console.error: ({})
console.error: ({})
console.error: ({})
console.error: ({})
console.error: ({})
console.error: ({})
console.error: ({})
console.error: ({})
console.error: ({})
console.error: ({})
console.error: ({})
console.error: ({})
console.error: ({})
console.error: ({})
console.error: ({})
console.error: ({})
console.error: ({})
console.error: ({})
console.error: ({})
console.error: ({})
console.error: ({})
console.error: ({})
console.error: ({})
console.error: ({})
console.error: ({})
console.error: ({})
console.error: ({})
console.error: ({})
console.error: ({})
console.error: ({})
console.error: ({})
console.error: ({})
console.error: ({})
console.error: ({})
console.error: ({})
console.error: ({})
console.error: ({})
console.error: ({})
console.error: ({})
console.error: ({})
console.error: ({})
console.error: ({})
console.error: ({})
console.error: ({})
console.error: ({})
JavaScript error: , line 0: NS_ERROR_NOT_AVAILABLE
ror: ({})
console.error: ({})
console.error: ({})
JavaScript error: , lJavaScript error: , line 0: NS_ERROR_NOT_AVAILABLE
1:29738
1695055599514	mozrunner::runner	INFO	Running command: "C:\\Program Files\\Mozilla Firefox\\firefox.exe" "--marionette" "--headless" "--remote-debugging-port" "297 ... 1" "--remote-allow-hosts" "localhost" "-no-remote" "-profile" "C:\\Users\\win10\\AppData\\Local\\Temp\\rust_mozprofilegJzPGW"
*** You are running in headless mode.
console.warn: services.settings: Ignoring preference override of remote settings server
console.warn: services.settings: Allow by setting MOZ_REMOTE_SETTINGS_DEVTOOLS=1 in the environment
1695055599777	Marionette	INFO	Marionette enabled
Dynamically enable window occlusion 0
1695055599830	Marionette	INFO	Listening on port 29779
WebDriver BiDi listening on ws://127.0.0.1:29741
Read port: 29777
1695055600006	RemoteAgent	WARN	TLS certificate errors will be ignored for this session
[GFX1-]: RenderCompositorSWGL failed mapping default framebuffer, no dt
console.error: ({})
DevTools listening on ws://127.0.0.1:29736/devtools/browser/9b85e9a7-4af4-493c-bb03-46f9dac55a16
console.error: ({})
console.error: ({})
console.error: ({})
console.error: ({})
console.error: ({})
console.error: ({})
console.error: ({})
console.error: ({})
console.error: ({})
console.error: ({})
console.error: ({})
JavaScript error: , line 0: NS_ERROR_NOT_AVAILABLE
1:30221
1695055732238	mozrunner::runner	INFO	Running command: "C:\\Program Files\\Mozilla Firefox\\firefox.exe" "--marionette" "--headless" "--remote-debugging-port" "302 ... 5" "--remote-allow-hosts" "localhost" "-no-remote" "-profile" "C:\\Users\\win10\\AppData\\Local\\Temp\\rust_mozprofileuQcX1R"
*** You are running in headless mode.
console.warn: services.settings: Ignoring preference override of remote settings server
console.warn: services.settings: Allow by setting MOZ_REMOTE_SETTINGS_DEVTOOLS=1 in the environment
1695055732582	Marionette	INFO	Marionette enabled
Dynamically enable window occlusion 0
1695055732673	Marionette	INFO	Listening on port 30273
WebDriver BiDi listening on ws://127.0.0.1:30226
Read port: 30273
1695055732884	RemoteAgent	WARN	TLS certificate errors will be ignored for this session
[GFX1-]: RenderCompositorSWGL failed mapping default framebuffer, no dt
console.error: ({})
DevTools listening on ws://127.0.0.1:30225/devtools/browser/a5d38ff6-47be-4df2-b479-06e4ee36a2fc
console.error: ({})
console.error: ({})
console.error: ({})
console.error: ({})
console.error: ({})
console.error: ({})
console.error: ({})
console.error: ({})
console.error: ({})
console.error: ({})
console.error: ({})
console.error: ({})
console.error: ({})
console.error: ({})
JavaScript error: , lJavaScript error: , lJavaScript error: , lJavaScript error: , line 0: NS_ERROR_NOT_AVAILABLE
1:31184
1695055888677	mozrunner::runner	INFO	Running command: "C:\\Program Files\\Mozilla Firefox\\firefox.exe" "--marionette" "--headless" "--remote-debugging-port" "311 ... 8" "--remote-allow-hosts" "localhost" "-no-remote" "-profile" "C:\\Users\\win10\\AppData\\Local\\Temp\\rust_mozprofile22Y3zT"
*** You are running in headless mode.
console.warn: services.settings: Ignoring preference override of remote settings server
console.warn: services.settings: Allow by setting MOZ_REMOTE_SETTINGS_DEVTOOLS=1 in the environment
1695055889012	Marionette	INFO	Marionette enabled
Dynamically enable window occlusion 0
1695055889086	Marionette	INFO	Listening on port 31225
WebDriver BiDi listening on ws://127.0.0.1:31189
Read port: 31224
1695055889265	RemoteAgent	WARN	TLS certificate errors will be ignored for this session
[GFX1-]: RenderCompositorSWGL failed mapping default framebuffer, no dt
console.error: ({})
DevTools listening on ws://127.0.0.1:31189/devtools/browser/50d38fb2-c85a-4d20-be24-3d4143de5c91
console.error: ({})
console.error: ({})
console.error: ({})
console.error: ({})
console.error: ({})
console.error: ({})
console.error: ({})
console.error: ({})
console.error: ({})
console.error: ({})
console.error: ({})
console.error: ({})
console.error: ({})
console.error: ({})
console.error: ({})
console.error: ({})
console.error: ({})
console.error: ({})
console.error: ({})
JavaScript error: , line 0: NS_ERROR_NOT_AVAILABLE
ror: ({})
console.error: ({})
console.error: ({})
1695056119256	geckodriver	INFO	Listening on 127.0.0.1:32256
1695056122321	mozrunner::runner	INFO	Running command: "C:\\Program Files\\Mozilla Firefox\\firefox.exe" "--marionette" "--headless" "--remote-debugging-port" "322 ... 4" "--remote-allow-hosts" "localhost" "-no-remote" "-profile" "C:\\Users\\win10\\AppData\\Local\\Temp\\rust_mozprofilexE84rA"
*** You are running in headless mode.
console.warn: services.settings: Ignoring preference override of remote settings server
console.warn: services.settings: Allow by setting MOZ_REMOTE_SETTINGS_DEVTOOLS=1 in the environment
1695056122712	Marionette	INFO	Marionette enabled
Dynamically enable window occlusion 0
1695056122781	Marionette	INFO	Listening on port 32305
WebDriver BiDi listening on ws://127.0.0.1:32259
Read port: 32302
1695056123016	RemoteAgent	WARN	TLS certificate errors will be ignored for this session
[GFX1-]: RenderCompositorSWGL failed mapping default framebuffer, no dt
console.error: ({})
DevTools listening on ws://127.0.0.1:32262/devtools/browser/f9bd7f96-8b5c-48b0-90af-92fc9298f000
console.error: ({})
console.error: ({})
console.error: ({})
console.error: ({})
console.error: ({})
console.error: ({})
console.error: ({})
console.error: ({})
console.error: ({})
console.error: ({})
console.error: ({})
console.error: ({})
console.error: ({})
console.error: ({})
console.error: ({})
console.error: ({})
console.error: ({})
console.error: ({})
console.error: ({})
console.error: ({})
console.error: ({})
console.error: ({})
console.error: ({})
console.error: ({})
console.error: ({})
console.error: ({})
console.error: ({})
console.error: ({})
console.error: ({})
console.error: ({})
console.error: ({})
console.error: ({})
console.error: ({})
console.error: ({})
console.error: ({})
console.error: ({})
console.error: ({})
console.error: ({})
console.error: ({})
console.error: ({})
console.error: ({})
console.error: ({})
console.error: ({})
console.error: ({})
console.error: ({})
console.error: ({})
console.error: ({})
console.error: ({})
console.error: ({})
console.error: ({})
console.error: ({})
console.error: ({})
console.error: ({})
console.error: ({})
console.error: ({})
console.error: ({})
console.error: ({})
console.error: ({})
console.error: ({})
console.error: ({})
console.error: ({})
console.error: ({})
console.error: ({})
console.error: ({})
console.error: ({})
console.error: ({})
console.error: ({})
console.error: ({})
console.error: ({})
console.error: ({})
console.error: ({})
console.error: ({})
console.error: ({})
console.error: ({})
console.error: ({})
console.error: ({})
console.error: ({})
console.error: ({})
console.error: ({})
console.error: ({})
console.error: ({})
console.error: ({})
console.error: ({})
console.error: ({})
console.error: ({})
console.error: ({})
console.error: ({})
console.error: ({})
console.error: ({})
console.error: ({})
console.error: ({})
JavaScript error: , line 0: NS_ERROR_NOT_AVAILABLE
1:37867
1695059596570	mozrunner::runner	INFO	Running command: "C:\\Program Files\\Mozilla Firefox\\firefox.exe" "--marionette" "--headless" "--remote-debugging-port" "378 ... 2" "--remote-allow-hosts" "localhost" "-no-remote" "-profile" "C:\\Users\\win10\\AppData\\Local\\Temp\\rust_mozprofilexdXttM"
*** You are running in headless mode.
console.warn: services.settings: Ignoring preference override of remote settings server
console.warn: services.settings: Allow by setting MOZ_REMOTE_SETTINGS_DEVTOOLS=1 in the environment
1695059596930	Marionette	INFO	Marionette enabled
Dynamically enable window occlusion 0
1695059597019	Marionette	INFO	Listening on port 37937
WebDriver BiDi listening on ws://127.0.0.1:37872
Read port: 37937
1695059597375	RemoteAgent	WARN	TLS certificate errors will be ignored for this session
[GFX1-]: RenderCompositorSWGL failed mapping default framebuffer, no dt
console.error: ({})
DevTools listening on ws://127.0.0.1:37872/devtools/browser/6c3fac1f-3988-45a5-a1fa-c39cdbdebe91
console.error: ({})
console.error: ({})
console.error: ({})
console.error: ({})
console.error: ({})
console.error: ({})
console.error: ({})
console.error: ({})
console.error: ({})
console.error: ({})
console.error: ({})
JavaScript error: , line 0: NS_ERROR_NOT_AVAILABLE
176	geckodriver	INFO	Listening on 127.0.0.1:38682
1695059732203	mozrunner::runner	INFO	Running command: "C:\\Program Files\\Mozilla Firefox\\firefox.exe" "--marionette" "--headless" "--remote-debugging-port" "386 ... 8" "--remote-allow-hosts" "localhost" "-no-remote" "-profile" "C:\\Users\\win10\\AppData\\Local\\Temp\\rust_mozprofileT9Um4Q"
*** You are running in headless mode.
console.warn: services.settings: Ignoring preference override of remote settings server
console.warn: services.settings: Allow by setting MOZ_REMOTE_SETTINGS_DEVTOOLS=1 in the environment
1695059732734	Marionette	INFO	Marionette enabled
Dynamically enable window occlusion 0
1695059732851	Marionette	INFO	Listening on port 38742
WebDriver BiDi listening on ws://127.0.0.1:38688
Read port: 38742
1695059733062	RemoteAgent	WARN	TLS certificate errors will be ignored for this session
[GFX1-]: RenderCompositorSWGL failed mapping default framebuffer, no dt
console.error: ({})
DevTools listening on ws://127.0.0.1:38691/devtools/browser/5259a076-0199-4406-8f3a-24b866533cfd
console.error: ({})
console.error: ({})
console.error: ({})
console.error: ({})
console.error: ({})
console.error: ({})
console.error: ({})
console.error: ({})
console.error: ({})
console.error: ({})
console.error: ({})
console.error: ({})
console.error: ({})
console.error: ({})
console.error: ({})
console.error: ({})
console.error: ({})
console.error: ({})
console.error: ({})
console.error: ({})
console.error: ({})
console.error: ({})
console.error: ({})
console.error: ({})
console.error: ({})
console.error: ({})
console.error: ({})
console.error: ({})
console.error: ({})
console.error: ({})
console.error: ({})
console.error: ({})
1695060149023	geckodriver	INFO	Listening on 127.0.0.1:40490
1695060152057	mozrunner::runner	INFO	Running command: "C:\\Program Files\\Mozilla Firefox\\firefox.exe" "--marionette" "--headless" "--remote-debugging-port" "404 ... 2" "--remote-allow-hosts" "localhost" "-no-remote" "-profile" "C:\\Users\\win10\\AppData\\Local\\Temp\\rust_mozprofileGNwFvt"
*** You are running in headless mode.
console.warn: services.settings: Ignoring preference override of remote settings server
console.warn: services.settings: Allow by setting MOZ_REMOTE_SETTINGS_DEVTOOLS=1 in the environment
1695060152432	Marionette	INFO	Marionette enabled
Dynamically enable window occlusion 0
1695060152533	Marionette	INFO	Listening on port 40538
WebDriver BiDi listening on ws://127.0.0.1:40491
Read port: 40539
1695060152756	RemoteAgent	WARN	TLS certificate errors will be ignored for this session
[GFX1-]: RenderCompositorSWGL failed mapping default framebuffer, no dt
console.error: ({})
DevTools listening on ws://127.0.0.1:40493/devtools/browser/b2287b04-f34e-41ff-a1d6-b5e17fc426da
console.error: ({})
console.error: ({})
1695060169989	geckodriver	INFO	Listening on 127.0.0.1:40806
1695060173033	mozrunner::runner	INFO	Running command: "C:\\Program Files\\Mozilla Firefox\\firefox.exe" "--marionette" "--headless" "--remote-debugging-port" "408 ... 1" "--remote-allow-hosts" "localhost" "-no-remote" "-profile" "C:\\Users\\win10\\AppData\\Local\\Temp\\rust_mozprofile1Ad0Zh"
*** You are running in headless mode.
console.warn: services.settings: Ignoring preference override of remote settings server
console.warn: services.settings: Allow by setting MOZ_REMOTE_SETTINGS_DEVTOOLS=1 in the environment
1695060173373	Marionette	INFO	Marionette enabled
Dynamically enable window occlusion 0
1695060173431	Marionette	INFO	Listening on port 40860
WebDriver BiDi listening on ws://127.0.0.1:40811
Read port: 40860
1695060173600	RemoteAgent	WARN	TLS certificate errors will be ignored for this session
[GFX1-]: RenderCompositorSWGL failed mapping default framebuffer, no dt
console.error: ({})
DevTools listening on ws://127.0.0.1:40811/devtools/browser/7bb06666-b44d-43a7-ad31-8f9391fac039
console.error: ({})
console.error: ({})
console.error: ({})
1695060226042	geckodriver	INFO	Listening on 127.0.0.1:41113
1695060229075	mozrunner::runner	INFO	Running command: "C:\\Program Files\\Mozilla Firefox\\firefox.exe" "--marionette" "--headless" "--remote-debugging-port" "411 ... 7" "--remote-allow-hosts" "localhost" "-no-remote" "-profile" "C:\\Users\\win10\\AppData\\Local\\Temp\\rust_mozprofile3JhqCv"
*** You are running in headless mode.
console.warn: services.settings: Ignoring preference override of remote settings server
console.warn: services.settings: Allow by setting MOZ_REMOTE_SETTINGS_DEVTOOLS=1 in the environment
1695060229486	Marionette	INFO	Marionette enabled
Dynamically enable window occlusion 0
1695060229564	Marionette	INFO	Listening on port 41176
WebDriver BiDi listening on ws://127.0.0.1:41117
Read port: 41176
1695060229782	RemoteAgent	WARN	TLS certificate errors will be ignored for this session
[GFX1-]: RenderCompositorSWGL failed mapping default framebuffer, no dt
console.error: ({})
DevTools listening on ws://127.0.0.1:41117/devtools/browser/3057d12f-4888-4ad0-8505-b68458d05f9e
console.error: ({})
console.error: ({})
console.error: ({})
console.error: ({})
console.error: ({})
console.error: ({})
console.error: ({})
console.error: ({})
console.error: ({})
console.error: ({})
console.error: ({})
console.error: ({})
console.error: ({})
console.error: ({})
console.error: ({})
console.error: ({})
console.error: ({})
console.error: ({})
console.error: ({})
console.error: ({})
console.error: ({})
console.error: ({})
console.error: ({})
console.error: ({})
console.error: ({})
console.error: ({})
console.error: ({})
console.error: ({})
console.error: ({})
1695060521245	geckodriver	INFO	Listening on 127.0.0.1:42699
1695060524311	mozrunner::runner	INFO	Running command: "C:\\Program Files\\Mozilla Firefox\\firefox.exe" "--marionette" "--remote-debugging-port" "42708" "--remote-allow-hosts" "localhost" "-no-remote" "-profile" "C:\\Users\\win10\\AppData\\Local\\Temp\\rust_mozprofileY2tUjp"
console.warn: services.settings: Ignoring preference override of remote settings server
console.warn: services.settings: Allow by setting MOZ_REMOTE_SETTINGS_DEVTOOLS=1 in the environment
1695060524672	Marionette	INFO	Marionette enabled
Dynamically enable window occlusion 0
1695060525790	Marionette	INFO	Listening on port 42748
WebDriver BiDi listening on ws://127.0.0.1:42710
Read port: 42748
1695060526070	RemoteAgent	WARN	TLS certificate errors will be ignored for this session
DevTools listening on ws://127.0.0.1:42710/devtools/browser/30e52a4a-f8a7-45bb-aff7-780729744a74
console.error: ({})
1695060532078	Marionette	INFO	Stopped listening on port 42753
Dynamically enable window occlusion 1
1695060548166	geckodriver	INFO	Listening on 127.0.0.1:42960
1695060551214	mozrunner::runner	INFO	Running command: "C:\\Program Files\\Mozilla Firefox\\firefox.exe" "--marionette" "--remote-debugging-port" "42961" "--remote-allow-hosts" "localhost" "-no-remote" "-profile" "C:\\Users\\win10\\AppData\\Local\\Temp\\rust_mozprofileUG8cla"
console.warn: services.settings: Ignoring preference override of remote settings server
console.warn: services.settings: Allow by setting MOZ_REMOTE_SETTINGS_DEVTOOLS=1 in the environment
1695060551423	Marionette	INFO	Marionette enabled
Dynamically enable window occlusion 0
1695060551496	Marionette	INFO	Listening on port 42975
WebDriver BiDi listening on ws://127.0.0.1:42961
Read port: 42975
1695060551644	RemoteAgent	WARN	TLS certificate errors will be ignored for this session
DevTools listening on ws://127.0.0.1:42961/devtools/browser/78ebee37-ffcf-4cae-900a-dc0590cf07fd
console.error: ({})
console.error: ({})
console.error: ({})
console.error: ({})
console.error: ({})
console.error: ({})
console.error: ({})
console.error: ({})
console.error: ({})
console.error: ({})
console.error: "Unable to find target with innerWindowId:6442450957"
console.error: ({})
JavaScript error: resource://gre/modules/AsyncShutdown.sys.mjs, line 573: NotFoundError: No such JSWindowActor 'DevToolsFrame'
1695060650863	Marionette	INFO	Stopped listening on port 42975
Dynamically enable window occlusion 1
1695060672447	geckodriver	INFO	Listening on 127.0.0.1:43136
1695060675487	mozrunner::runner	INFO	Running command: "C:\\Program Files\\Mozilla Firefox\\firefox.exe" "--marionette" "--remote-debugging-port" "43137" "--remote-allow-hosts" "localhost" "-no-remote" "-profile" "C:\\Users\\win10\\AppData\\Local\\Temp\\rust_mozprofileIHSRT5"
console.warn: services.settings: Ignoring preference override of remote settings server
console.warn: services.settings: Allow by setting MOZ_REMOTE_SETTINGS_DEVTOOLS=1 in the environment
1695060675708	Marionette	INFO	Marionette enabled
Dynamically enable window occlusion 0
1695060675777	Marionette	INFO	Listening on port 43144
WebDriver BiDi listening on ws://127.0.0.1:43137
Read port: 43144
1695060675919	RemoteAgent	WARN	TLS certificate errors will be ignored for this session
DevTools listening on ws://127.0.0.1:43137/devtools/browser/56da9182-3cc8-45a7-96ec-30baa55b9808
console.error: ({})
console.error: ({})
console.error: ({})
console.error: ({})
console.error: ({})
console.error: ({})
console.error: ({})
console.error: (new TypeError("container.editor is undefined", "resource://devtools/client/inspector/markup/markup.js", 1697))
console.error: (new TypeError("container.node.targetFront is null", "resource://devtools/client/inspector/markup/markup.js", 2401))
console.error: ({})
console.error: ({})
console.error: ({})
console.error: "Unable to find target with innerWindowId:6442450957"
console.error: ({})
console.error: ({})
JavaScript error: resource://gre/modules/AsyncShutdown.sys.mjs, line 573: NotFoundError: No such JSWindowActor 'DevToolsFrame'
1695061004341	Marionette	INFO	Stopped listening on port 43144
Dynamically enable window occlusion 1
1695061043707	geckodriver	INFO	Listening on 127.0.0.1:43384
1695061046731	mozrunner::runner	INFO	Running command: "C:\\Program Files\\Mozilla Firefox\\firefox.exe" "--marionette" "--remote-debugging-port" "43385" "--remote-allow-hosts" "localhost" "-no-remote" "-profile" "C:\\Users\\win10\\AppData\\Local\\Temp\\rust_mozprofileLYHKZt"
console.warn: services.settings: Ignoring preference override of remote settings server
console.warn: services.settings: Allow by setting MOZ_REMOTE_SETTINGS_DEVTOOLS=1 in the environment
1695061046947	Marionette	INFO	Marionette enabled
Dynamically enable window occlusion 0
1695061047019	Marionette	INFO	Listening on port 43393
WebDriver BiDi listening on ws://127.0.0.1:43385
Read port: 43393
1695061047170	RemoteAgent	WARN	TLS certificate errors will be ignored for this session
DevTools listening on ws://127.0.0.1:43385/devtools/browser/6469f1f0-ebee-415f-a61f-578f8a8a23c1
1695061273433	Marionette	INFO	Stopped listening on port 43393
Dynamically enable window occlusion 1
1695062256321	geckodriver	INFO	Listening on 127.0.0.1:44234
1695062259378	mozrunner::runner	INFO	Running command: "C:\\Program Files\\Mozilla Firefox\\firefox.exe" "--marionette" "--remote-debugging-port" "44235" "--remote-allow-hosts" "localhost" "-no-remote" "-profile" "C:\\Users\\win10\\AppData\\Local\\Temp\\rust_mozprofileAE0R8L"
console.warn: services.settings: Ignoring preference override of remote settings server
console.warn: services.settings: Allow by setting MOZ_REMOTE_SETTINGS_DEVTOOLS=1 in the environment
1695062259595	Marionette	INFO	Marionette enabled
Dynamically enable window occlusion 0
1695062259661	Marionette	INFO	Listening on port 44245
WebDriver BiDi listening on ws://127.0.0.1:44235
Read port: 44245
1695062259811	RemoteAgent	WARN	TLS certificate errors will be ignored for this session
DevTools listening on ws://127.0.0.1:44235/devtools/browser/59894739-f4f5-41f8-b1cf-5ca3b854d3c8
1695062387635	Marionette	INFO	Stopped listening on port 44245
Dynamically enable window occlusion 1
1695062433037	geckodriver	INFO	Listening on 127.0.0.1:44400
1695062436075	mozrunner::runner	INFO	Running command: "C:\\Program Files\\Mozilla Firefox\\firefox.exe" "--marionette" "--remote-debugging-port" "44401" "--remote-allow-hosts" "localhost" "-no-remote" "-profile" "C:\\Users\\win10\\AppData\\Local\\Temp\\rust_mozprofileLDDRIN"
console.warn: services.settings: Ignoring preference override of remote settings server
console.warn: services.settings: Allow by setting MOZ_REMOTE_SETTINGS_DEVTOOLS=1 in the environment
1695062436295	Marionette	INFO	Marionette enabled
Dynamically enable window occlusion 0
1695062436367	Marionette	INFO	Listening on port 44414
WebDriver BiDi listening on ws://127.0.0.1:44401
Read port: 44414
1695062436510	RemoteAgent	WARN	TLS certificate errors will be ignored for this session
DevTools listening on ws://127.0.0.1:44401/devtools/browser/8a44264b-b968-4af7-b79c-9846206f5f66
1695062830692	geckodriver	INFO	Listening on 127.0.0.1:44787
1695062833733	mozrunner::runner	INFO	Running command: "C:\\Program Files\\Mozilla Firefox\\firefox.exe" "--marionette" "--remote-debugging-port" "44788" "--remote-allow-hosts" "localhost" "-no-remote" "-profile" "C:\\Users\\win10\\AppData\\Local\\Temp\\rust_mozprofileYW7wVf"
console.warn: services.settings: Ignoring preference override of remote settings server
console.warn: services.settings: Allow by setting MOZ_REMOTE_SETTINGS_DEVTOOLS=1 in the environment
1695062833960	Marionette	INFO	Marionette enabled
Dynamically enable window occlusion 0
1695062834031	Marionette	INFO	Listening on port 44798
WebDriver BiDi listening on ws://127.0.0.1:44788
Read port: 44798
1695062834174	RemoteAgent	WARN	TLS certificate errors will be ignored for this session
DevTools listening on ws://127.0.0.1:44788/devtools/browser/6e74aeb3-45fd-4f65-b3f0-482345f59955
1695063140412	geckodriver	INFO	Listening on 127.0.0.1:45077
1695063143453	mozrunner::runner	INFO	Running command: "C:\\Program Files\\Mozilla Firefox\\firefox.exe" "--marionette" "--headless" "--remote-debugging-port" "450 ... 3" "--remote-allow-hosts" "localhost" "-no-remote" "-profile" "C:\\Users\\win10\\AppData\\Local\\Temp\\rust_mozprofileD6wMWS"
*** You are running in headless mode.
console.warn: services.settings: Ignoring preference override of remote settings server
console.warn: services.settings: Allow by setting MOZ_REMOTE_SETTINGS_DEVTOOLS=1 in the environment
1695063143986	Marionette	INFO	Marionette enabled
Dynamically enable window occlusion 0
1695063144074	Marionette	INFO	Listening on port 45128
WebDriver BiDi listening on ws://127.0.0.1:45078
Read port: 45123
1695063144388	RemoteAgent	WARN	TLS certificate errors will be ignored for this session
[GFX1-]: RenderCompositorSWGL failed mapping default framebuffer, no dt
console.error: ({})
DevTools listening on ws://127.0.0.1:45084/devtools/browser/5e7dfa0b-e4d6-4cb9-88b9-eacca3424f32
console.error: ({})
console.error: ({})
console.error: ({})
console.error: ({})
1695063463311	geckodriver	INFO	Listening on 127.0.0.1:45618
1695063466372	mozrunner::runner	INFO	Running command: "C:\\Program Files\\Mozilla Firefox\\firefox.exe" "--marionette" "--headless" "--remote-debugging-port" "456 ... 3" "--remote-allow-hosts" "localhost" "-no-remote" "-profile" "C:\\Users\\win10\\AppData\\Local\\Temp\\rust_mozprofilerE9kLs"
*** You are running in headless mode.
console.warn: services.settings: Ignoring preference override of remote settings server
console.warn: services.settings: Allow by setting MOZ_REMOTE_SETTINGS_DEVTOOLS=1 in the environment
1695063466814	Marionette	INFO	Marionette enabled
Dynamically enable window occlusion 0
1695063466910	Marionette	INFO	Listening on port 45690
WebDriver BiDi listening on ws://127.0.0.1:45613
Read port: 45690
1695063467178	RemoteAgent	WARN	TLS certificate errors will be ignored for this session
[GFX1-]: RenderCompositorSWGL failed mapping default framebuffer, no dt
console.error: ({})
DevTools listening on ws://127.0.0.1:45613/devtools/browser/23cb6940-7212-4ba7-af51-3a7b1ea34068
console.error: ({})
console.error: ({})
console.error: ({})
console.error: ({})
console.error: ({})
console.error: ({})
